<?xml version="1.0" encoding="UTF-8"?>
<!-- Generated by org.testng.reporters.JUnitReportReporter -->
<testsuite skipped="0" hostname="DESKTOP-LCC7PQK" name="com.biztech2go.TestITTrainingPage" tests="6" failures="0" timestamp="2020-06-25T11:16:52 PDT" time="3.327" errors="0">
  <testcase name="validateManuelTestingSelection" time="0.214" classname="com.biztech2go.TestITTrainingPage"/>
  <system-out/>
  <testcase name="validateAutomationTestingSelection" time="2.678" classname="com.biztech2go.TestITTrainingPage"/>
  <system-out/>
  <testcase name="validateSAPSelection" time="0.178" classname="com.biztech2go.TestITTrainingPage"/>
  <system-out/>
  <testcase name="verifyITTrainingPageTitle" time="0.018" classname="com.biztech2go.TestITTrainingPage"/>
  <system-out/>
  <testcase name="validateImageITTraining" time="0.069" classname="com.biztech2go.TestITTrainingPage"/>
  <system-out/>
  <testcase name="validateDataScienceSelection" time="0.170" classname="com.biztech2go.TestITTrainingPage"/>
  <system-out/>
</testsuite> <!-- com.biztech2go.TestITTrainingPage -->
