<?xml version="1.0" encoding="UTF-8"?>
<!-- Generated by org.testng.reporters.JUnitReportReporter -->
<testsuite skipped="0" hostname="DESKTOP-LCC7PQK" name="com.biztech2go.TestAboutUsPage" tests="5" failures="0" timestamp="2020-06-25T16:26:56 PDT" time="4.858" errors="0">
  <testcase name="validatePraphFontSize" time="0.292" classname="com.biztech2go.TestAboutUsPage"/>
  <system-out/>
  <testcase name="validateHeaderVision" time="0.273" classname="com.biztech2go.TestAboutUsPage"/>
  <system-out/>
  <testcase name="validatePraphBackgroundColor" time="0.497" classname="com.biztech2go.TestAboutUsPage"/>
  <system-out/>
  <testcase name="validateHeaderOurValues" time="0.297" classname="com.biztech2go.TestAboutUsPage"/>
  <system-out/>
  <testcase name="validateHeaderMission" time="3.499" classname="com.biztech2go.TestAboutUsPage"/>
  <system-out/>
</testsuite> <!-- com.biztech2go.TestAboutUsPage -->
