<?xml version="1.0" encoding="UTF-8"?>
<!-- Generated by org.testng.reporters.JUnitReportReporter -->
<testsuite skipped="0" hostname="DESKTOP-LCC7PQK" name="com.biztech2go.TestTelecomServicesPage" tests="5" failures="0" timestamp="2020-06-24T14:03:05 PDT" time="0.514" errors="0">
  <testcase name="verifyImageVerizonPresence" time="0.197" classname="com.biztech2go.TestTelecomServicesPage"/>
  <system-out/>
  <testcase name="verifyRequestQuotePresence" time="0.087" classname="com.biztech2go.TestTelecomServicesPage"/>
  <system-out/>
  <testcase name="verifyTelecomServicesTitle" time="0.029" classname="com.biztech2go.TestTelecomServicesPage"/>
  <system-out/>
  <testcase name="validatePhoneNumber" time="0.101" classname="com.biztech2go.TestTelecomServicesPage"/>
  <system-out/>
  <testcase name="validateAddressPresence" time="0.100" classname="com.biztech2go.TestTelecomServicesPage"/>
  <system-out/>
</testsuite> <!-- com.biztech2go.TestTelecomServicesPage -->
