<?xml version="1.0" encoding="UTF-8"?>
<!-- Generated by org.testng.reporters.JUnitReportReporter -->
<testsuite skipped="0" hostname="DESKTOP-LCC7PQK" name="com.biztech2go.TestTelecomServicesPage" tests="5" failures="0" timestamp="2020-06-25T16:26:56 PDT" time="0.873" errors="0">
  <testcase name="verifyTelecomServicesTitle" time="0.100" classname="com.biztech2go.TestTelecomServicesPage"/>
  <system-out/>
  <testcase name="verifyRequestQuotePresence" time="0.213" classname="com.biztech2go.TestTelecomServicesPage"/>
  <system-out/>
  <testcase name="verifyImageVerizonPresence" time="0.214" classname="com.biztech2go.TestTelecomServicesPage"/>
  <system-out/>
  <testcase name="validatePhoneNumber" time="0.171" classname="com.biztech2go.TestTelecomServicesPage"/>
  <system-out/>
  <testcase name="validateAddressPresence" time="0.175" classname="com.biztech2go.TestTelecomServicesPage"/>
  <system-out/>
</testsuite> <!-- com.biztech2go.TestTelecomServicesPage -->
