<?xml version="1.0" encoding="UTF-8"?>
<!-- Generated by org.testng.reporters.JUnitReportReporter -->
<testsuite skipped="0" hostname="DESKTOP-LCC7PQK" name="com.biztech2go.TestContactUsPage" tests="5" failures="0" timestamp="2020-06-25T11:16:52 PDT" time="4.917" errors="0">
  <testcase name="validateNameBlankTyping" time="0.146" classname="com.biztech2go.TestContactUsPage"/>
  <system-out/>
  <testcase name="validateMessageBlankTyping" time="0.164" classname="com.biztech2go.TestContactUsPage"/>
  <system-out/>
  <testcase name="validateEmptyNameEmailError" time="2.259" classname="com.biztech2go.TestContactUsPage"/>
  <system-out/>
  <testcase name="validateSubjectBlankTyping" time="0.151" classname="com.biztech2go.TestContactUsPage"/>
  <system-out/>
  <testcase name="validateEmailBlankTyping" time="2.197" classname="com.biztech2go.TestContactUsPage"/>
  <system-out/>
</testsuite> <!-- com.biztech2go.TestContactUsPage -->
