<?xml version="1.0" encoding="UTF-8"?>
<!-- Generated by org.testng.reporters.JUnitReportReporter -->
<testsuite skipped="0" hostname="DESKTOP-LCC7PQK" name="com.biztech2go.TestHomePage" tests="10" failures="0" timestamp="2020-06-25T11:16:52 PDT" time="16.673" errors="0">
  <testcase name="bottomCopyRigth" time="0.888" classname="com.biztech2go.TestHomePage"/>
  <system-out/>
  <testcase name="validateIcon" time="0.090" classname="com.biztech2go.TestHomePage"/>
  <system-out/>
  <testcase name="verifyMainPageTitle" time="0.073" classname="com.biztech2go.TestHomePage"/>
  <system-out/>
  <testcase name="verifyAboutUsPage" time="3.193" classname="com.biztech2go.TestHomePage"/>
  <system-out/>
  <testcase name="verifyItServicesPage" time="3.382" classname="com.biztech2go.TestHomePage"/>
  <system-out/>
  <testcase name="verifyMainHowWOperate" time="0.222" classname="com.biztech2go.TestHomePage"/>
  <system-out/>
  <testcase name="verifyMainPageDynamicProposal" time="0.148" classname="com.biztech2go.TestHomePage"/>
  <system-out/>
  <testcase name="verifyContactUsPage" time="3.143" classname="com.biztech2go.TestHomePage"/>
  <system-out/>
  <testcase name="hoverITStaffMenu" time="2.466" classname="com.biztech2go.TestHomePage"/>
  <system-out/>
  <testcase name="verifyOurServicesPage" time="3.068" classname="com.biztech2go.TestHomePage"/>
  <system-out/>
</testsuite> <!-- com.biztech2go.TestHomePage -->
