<?xml version="1.0" encoding="UTF-8"?>
<!-- Generated by org.testng.reporters.JUnitReportReporter -->
<testsuite skipped="0" hostname="DESKTOP-LCC7PQK" name="com.biztech2go.TestTelecomServicesPage" tests="5" failures="0" timestamp="2020-06-25T11:16:52 PDT" time="0.356" errors="0">
  <testcase name="validateAddressPresence" time="0.129" classname="com.biztech2go.TestTelecomServicesPage"/>
  <system-out/>
  <testcase name="validatePhoneNumber" time="0.083" classname="com.biztech2go.TestTelecomServicesPage"/>
  <system-out/>
  <testcase name="verifyRequestQuotePresence" time="0.061" classname="com.biztech2go.TestTelecomServicesPage"/>
  <system-out/>
  <testcase name="verifyImageVerizonPresence" time="0.067" classname="com.biztech2go.TestTelecomServicesPage"/>
  <system-out/>
  <testcase name="verifyTelecomServicesTitle" time="0.016" classname="com.biztech2go.TestTelecomServicesPage"/>
  <system-out/>
</testsuite> <!-- com.biztech2go.TestTelecomServicesPage -->
