<?xml version="1.0" encoding="UTF-8"?>
<!-- Generated by org.testng.reporters.JUnitReportReporter -->
<testsuite skipped="0" hostname="DESKTOP-LCC7PQK" name="com.biztech2go.TestAboutUsPage" tests="5" failures="0" timestamp="2020-06-24T14:03:05 PDT" time="5.228" errors="0">
  <testcase name="validatePraphFontSize" time="0.041" classname="com.biztech2go.TestAboutUsPage"/>
  <system-out/>
  <testcase name="validateHeaderOurValues" time="0.061" classname="com.biztech2go.TestAboutUsPage"/>
  <system-out/>
  <testcase name="validateHeaderMission" time="5.032" classname="com.biztech2go.TestAboutUsPage"/>
  <system-out/>
  <testcase name="validateHeaderVision" time="0.040" classname="com.biztech2go.TestAboutUsPage"/>
  <system-out/>
  <testcase name="validatePraphBackgroundColor" time="0.054" classname="com.biztech2go.TestAboutUsPage"/>
  <system-out/>
</testsuite> <!-- com.biztech2go.TestAboutUsPage -->
