<?xml version="1.0" encoding="UTF-8"?>
<!-- Generated by org.testng.reporters.JUnitReportReporter -->
<testsuite skipped="0" hostname="DESKTOP-LCC7PQK" name="com.biztech2go.TestHomePage" tests="10" failures="0" timestamp="2020-06-24T14:03:05 PDT" time="15.781" errors="0">
  <testcase name="validateIcon" time="0.090" classname="com.biztech2go.TestHomePage"/>
  <system-out/>
  <testcase name="verifyItServicesPage" time="3.385" classname="com.biztech2go.TestHomePage"/>
  <system-out/>
  <testcase name="verifyMainPageTitle" time="0.084" classname="com.biztech2go.TestHomePage"/>
  <system-out/>
  <testcase name="verifyMainPageDynamicProposal" time="0.133" classname="com.biztech2go.TestHomePage"/>
  <system-out/>
  <testcase name="bottomCopyRigth" time="0.620" classname="com.biztech2go.TestHomePage"/>
  <system-out/>
  <testcase name="hoverITStaffMenu" time="2.425" classname="com.biztech2go.TestHomePage"/>
  <system-out/>
  <testcase name="verifyOurServicesPage" time="2.940" classname="com.biztech2go.TestHomePage"/>
  <system-out/>
  <testcase name="verifyAboutUsPage" time="2.913" classname="com.biztech2go.TestHomePage"/>
  <system-out/>
  <testcase name="verifyMainHowWOperate" time="0.254" classname="com.biztech2go.TestHomePage"/>
  <system-out/>
  <testcase name="verifyContactUsPage" time="2.937" classname="com.biztech2go.TestHomePage"/>
  <system-out/>
</testsuite> <!-- com.biztech2go.TestHomePage -->
