<?xml version="1.0" encoding="UTF-8"?>
<!-- Generated by org.testng.reporters.JUnitReportReporter -->
<testsuite skipped="0" hostname="DESKTOP-LCC7PQK" name="com.biztech2go.TestAboutUsPage" tests="5" failures="0" timestamp="2020-06-25T11:16:52 PDT" time="2.329" errors="0">
  <testcase name="validatePraphBackgroundColor" time="0.091" classname="com.biztech2go.TestAboutUsPage"/>
  <system-out/>
  <testcase name="validateHeaderOurValues" time="0.059" classname="com.biztech2go.TestAboutUsPage"/>
  <system-out/>
  <testcase name="validateHeaderVision" time="0.054" classname="com.biztech2go.TestAboutUsPage"/>
  <system-out/>
  <testcase name="validateHeaderMission" time="2.088" classname="com.biztech2go.TestAboutUsPage"/>
  <system-out/>
  <testcase name="validatePraphFontSize" time="0.037" classname="com.biztech2go.TestAboutUsPage"/>
  <system-out/>
</testsuite> <!-- com.biztech2go.TestAboutUsPage -->
